<?xml version="1.0" encoding="UTF-8"?>
<testsuite xmlns:xsi="http://www.w3.org/2001/XMLSchema-instance" xsi:noNamespaceSchemaLocation="https://maven.apache.org/surefire/maven-surefire-plugin/xsd/surefire-test-report-3.0.xsd" version="3.0" name="com.expensetracker.service.ExpenseServiceTest" time="0.065" tests="24" errors="0" skipped="0" failures="0">
  <properties>
[...]
</properties>
  <testcase name="testAddExpenseWithInvalidAmount" classname="com.expensetracker.service.ExpenseServiceTest" time="0.002"/>
  <testcase name="testAddExpenseWithNullDate" classname="com.expensetracker.service.ExpenseServiceTest" time="0.001"/>
  <testcase name="testGetExpenseCount" classname="com.expensetracker.service.ExpenseServiceTest" time="0.001"/>
  <testcase name="testGetCategories" classname="com.expensetracker.service.ExpenseServiceTest" time="0.001"/>
  <testcase name="testMultipleCategories(String)[1]" classname="com.expensetracker.service.ExpenseServiceTest" time="0.016"/>
  <testcase name="testMultipleCategories(String)[2]" classname="com.expensetracker.service.ExpenseServiceTest" time="0.001"/>
  <testcase name="testMultipleCategories(String)[3]" classname="com.expensetracker.service.ExpenseServiceTest" time="0.001"/>
  <testcase name="testMultipleCategories(String)[4]" classname="com.expensetracker.service.ExpenseServiceTest" time="0.001"/>
  <testcase name="testMultipleCategories(String)[5]" classname="com.expensetracker.service.ExpenseServiceTest" time="0"/>
  <testcase name="testClearAllExpenses" classname="com.expensetracker.service.ExpenseServiceTest" time="0.001"/>
  <testcase name="testGetExpensesByDateRange" classname="com.expensetracker.service.ExpenseServiceTest" time="0.001"/>
  <testcase name="testGetExpensesByCategory" classname="com.expensetracker.service.ExpenseServiceTest" time="0"/>
  <testcase name="testTrimWhitespaceInInputs" classname="com.expensetracker.service.ExpenseServiceTest" time="0.002"/>
  <testcase name="testAddExpense" classname="com.expensetracker.service.ExpenseServiceTest" time="0.001"/>
  <testcase name="testRemoveNonExistentExpense" classname="com.expensetracker.service.ExpenseServiceTest" time="0.001"/>
  <testcase name="testGetTotalByCategory" classname="com.expensetracker.service.ExpenseServiceTest" time="0"/>
  <testcase name="testGetTotalExpenses" classname="com.expensetracker.service.ExpenseServiceTest" time="0"/>
  <testcase name="testAddExpenseWithInvalidDescription" classname="com.expensetracker.service.ExpenseServiceTest" time="0.001"/>
  <testcase name="testComplexScenario" classname="com.expensetracker.service.ExpenseServiceTest" time="0.001"/>
  <testcase name="testGetAllExpenses" classname="com.expensetracker.service.ExpenseServiceTest" time="0.001"/>
  <testcase name="testGetExpenseById" classname="com.expensetracker.service.ExpenseServiceTest" time="0"/>
  <testcase name="testAddExpenseWithDate" classname="com.expensetracker.service.ExpenseServiceTest" time="0"/>
  <testcase name="testRemoveExpense" classname="com.expensetracker.service.ExpenseServiceTest" time="0.001"/>
  <testcase name="testAddExpenseWithInvalidCategory" classname="com.expensetracker.service.ExpenseServiceTest" time="0.001"/>
</testsuite>