<?xml version="1.0" encoding="UTF-8"?>
<testsuite xmlns:xsi="http://www.w3.org/2001/XMLSchema-instance" xsi:noNamespaceSchemaLocation="https://maven.apache.org/surefire/maven-surefire-plugin/xsd/surefire-test-report-3.0.xsd" version="3.0" name="com.expensetracker.model.ExpenseTest" time="0.067" tests="7" errors="0" skipped="0" failures="0">
  <properties>
[...]
</properties>
  <testcase name="testExpenseCreationWithCurrentDate" classname="com.expensetracker.model.ExpenseTest" time="0.038"/>
  <testcase name="testExpenseHashCode" classname="com.expensetracker.model.ExpenseTest" time="0.003"/>
  <testcase name="testUniqueIds" classname="com.expensetracker.model.ExpenseTest" time="0.001"/>
  <testcase name="testExpenseEquality" classname="com.expensetracker.model.ExpenseTest" time="0.001"/>
  <testcase name="testExpenseSetters" classname="com.expensetracker.model.ExpenseTest" time="0.001"/>
  <testcase name="testExpenseCreationWithSpecificDate" classname="com.expensetracker.model.ExpenseTest" time="0.002"/>
  <testcase name="testExpenseToString" classname="com.expensetracker.model.ExpenseTest" time="0.001"/>
</testsuite>